2024-01-16 23:37:45:3745 - [32minfo[39m: [32mAplicação rodando na porta: 3000[39m
2024-01-16 23:39:30:3930 - [32minfo[39m: [32mConectou ao banco de dados![39m
2024-01-16 23:39:30:3930 - [32minfo[39m: [32mAplicação rodando na porta: 3000[39m
2024-01-16 23:42:21:4221 - [32minfo[39m: [32mConectou ao banco de dados![39m
2024-01-16 23:42:21:4221 - [32minfo[39m: [32mAplicação rodando na porta: 3000[39m
2024-01-16 23:43:07:437 - [32minfo[39m: [32mConectou ao banco de dados![39m
2024-01-16 23:43:07:437 - [32minfo[39m: [32mAplicação rodando na porta: 3000[39m
2024-01-16 23:43:20:4320 - [31merror[39m: [31mNão foi possível conectar![39m
2024-01-16 23:43:20:4320 - [31merror[39m: [31mERROR: Error: querySrv ENOTFOUND _mongodb._tcp.cluster0.hdjfnm.mongodb.net[39m
2024-01-16 23:43:20:4320 - [32minfo[39m: [32mAplicação rodando na porta: 3000[39m
2024-01-16 23:43:33:4333 - [32minfo[39m: [32mConectou ao banco de dados![39m
2024-01-16 23:43:33:4333 - [32minfo[39m: [32mAplicação rodando na porta: 3000[39m
2024-01-16 23:44:23:4423 - [32minfo[39m: [32mConectou ao banco de dados![39m
2024-01-16 23:44:23:4423 - [32minfo[39m: [32mAplicação rodando na porta: 3000[39m
2024-01-16 23:44:51:4451 - [31merror[39m: [31mNão foi possível conectar![39m
2024-01-16 23:45:03:453 - [32minfo[39m: [32mConectou ao banco de dados![39m
2024-01-16 23:45:03:453 - [32minfo[39m: [32mAplicação rodando na porta: 3000[39m
2024-01-17 09:28:21:2821 - [32minfo[39m: [32mConectou ao banco de dados![39m
2024-01-17 09:28:21:2821 - [32minfo[39m: [32mAplicação rodando na porta: 3000[39m
2024-01-17 09:41:02:412 - [32minfo[39m: [32mConectou ao banco de dados![39m
2024-01-17 09:41:02:412 - [32minfo[39m: [32mAplicação rodando na porta: 3000[39m
2024-01-17 09:42:54:4254 - [32minfo[39m: [32mConectou ao banco de dados![39m
2024-01-17 09:42:54:4254 - [32minfo[39m: [32mAplicação rodando na porta: 3000[39m
2024-01-17 09:42:58:4258 - [35mhttp[39m: [35mGET /api/test 200 12 - 2.914 ms[39m
[35m[39m
2024-01-17 10:02:30:230 - [32minfo[39m: [32mConectou ao banco de dados![39m
2024-01-17 10:02:30:230 - [32minfo[39m: [32mAplicação rodando na porta: 3000[39m
2024-01-17 10:05:47:547 - [35mhttp[39m: [35mPOST /api/movie 200 23 - 6.462 ms[39m
[35m[39m
2024-01-17 10:11:03:113 - [32minfo[39m: [32mConectou ao banco de dados![39m
2024-01-17 10:11:03:113 - [32minfo[39m: [32mAplicação rodando na porta: 3000[39m
2024-01-17 10:12:20:1220 - [35mhttp[39m: [35mPOST /api/movie 201 155 - 114.887 ms[39m
[35m[39m
2024-01-18 09:34:10:3410 - [32minfo[39m: [32mConectou ao banco de dados![39m
2024-01-18 09:34:10:3410 - [32minfo[39m: [32mAplicação rodando na porta: 3000[39m
2024-01-18 09:35:27:3527 - [32minfo[39m: [32mConectou ao banco de dados![39m
2024-01-18 09:35:27:3527 - [32minfo[39m: [32mAplicação rodando na porta: 3000[39m
2024-01-18 09:36:29:3629 - [35mhttp[39m: [35mPOST /api/movie 201 146 - 127.073 ms[39m
[35m[39m
2024-01-18 09:44:25:4425 - [32minfo[39m: [32mConectou ao banco de dados![39m
2024-01-18 09:44:25:4425 - [32minfo[39m: [32mAplicação rodando na porta: 3000[39m
2024-01-18 09:44:56:4456 - [35mhttp[39m: [35mPOST /api/movie 422 51 - 7.127 ms[39m
[35m[39m
2024-01-18 09:51:48:5148 - [32minfo[39m: [32mConectou ao banco de dados![39m
2024-01-18 09:51:48:5148 - [32minfo[39m: [32mAplicação rodando na porta: 3000[39m
2024-01-18 09:52:26:5226 - [35mhttp[39m: [35mPOST /api/movie 422 56 - 13.418 ms[39m
[35m[39m
2024-01-18 09:53:25:5325 - [35mhttp[39m: [35mPOST /api/movie 201 171 - 121.717 ms[39m
[35m[39m
2024-01-18 09:56:36:5636 - [32minfo[39m: [32mConectou ao banco de dados![39m
2024-01-18 09:56:36:5636 - [32minfo[39m: [32mAplicação rodando na porta: 3000[39m
2024-01-18 09:56:53:5653 - [35mhttp[39m: [35mPOST /api/movie 422 58 - 10.332 ms[39m
[35m[39m
2024-01-18 09:57:01:571 - [35mhttp[39m: [35mPOST /api/movie 422 58 - 3.310 ms[39m
[35m[39m
2024-01-18 09:58:48:5848 - [32minfo[39m: [32mConectou ao banco de dados![39m
2024-01-18 09:58:48:5848 - [32minfo[39m: [32mAplicação rodando na porta: 3000[39m
2024-01-18 09:59:17:5917 - [35mhttp[39m: [35mPOST /api/movie 422 107 - 18.515 ms[39m
[35m[39m
2024-01-18 10:00:23:023 - [35mhttp[39m: [35mPOST /api/movie 201 231 - 110.512 ms[39m
[35m[39m
2024-01-18 10:03:11:311 - [32minfo[39m: [32mConectou ao banco de dados![39m
2024-01-18 10:03:11:311 - [32minfo[39m: [32mAplicação rodando na porta: 3000[39m
2024-01-18 10:03:18:318 - [35mhttp[39m: [35mPOST /api/movie 422 62 - 9.042 ms[39m
[35m[39m
2024-01-18 10:04:49:449 - [35mhttp[39m: [35mPOST /api/movie 201 253 - 107.845 ms[39m
[35m[39m
2024-01-18 10:06:18:618 - [32minfo[39m: [32mConectou ao banco de dados![39m
2024-01-18 10:06:18:618 - [32minfo[39m: [32mAplicação rodando na porta: 3000[39m
2024-01-18 10:07:40:740 - [35mhttp[39m: [35mPOST /api/movie 422 55 - 16.826 ms[39m
[35m[39m
2024-01-18 10:09:23:923 - [35mhttp[39m: [35mPOST /api/movie 201 390 - 139.102 ms[39m
[35m[39m
2024-01-18 10:20:44:2044 - [32minfo[39m: [32mConectou ao banco de dados![39m
2024-01-18 10:20:44:2044 - [32minfo[39m: [32mAplicação rodando na porta: 3000[39m
2024-01-18 10:21:41:2141 - [32minfo[39m: [32mConectou ao banco de dados![39m
2024-01-18 10:21:41:2141 - [32minfo[39m: [32mAplicação rodando na porta: 3000[39m
2024-01-18 10:23:41:2341 - [35mhttp[39m: [35mGET /api/movie/65a92303296a0fb5ce174eb3 404 32 - 96.036 ms[39m
[35m[39m
2024-01-18 10:24:09:249 - [35mhttp[39m: [35mGET /api/movie/65a92303296a0fb5ce174eb2 - - - - ms[39m
[35m[39m
2024-01-18 10:24:59:2459 - [32minfo[39m: [32mConectou ao banco de dados![39m
2024-01-18 10:24:59:2459 - [32minfo[39m: [32mAplicação rodando na porta: 3000[39m
2024-01-18 10:25:06:256 - [35mhttp[39m: [35mGET /api/movie/65a92303296a0fb5ce174eb2 200 390 - 92.200 ms[39m
[35m[39m
2024-01-18 10:29:36:2936 - [32minfo[39m: [32mConectou ao banco de dados![39m
2024-01-18 10:29:36:2936 - [32minfo[39m: [32mAplicação rodando na porta: 3000[39m
